2025-08-03 21:02:20,810 - app.main - INFO - Starting application...
2025-08-03 21:02:20,811 - app.main - INFO - Initializing database manager...
2025-08-03 21:02:20,811 - app.db.session - INFO - Database URL prepared: postgresql://db:5432/traveldb
2025-08-03 21:02:20,812 - app.db.session - ERROR - Failed to initialize database manager: Pool class QueuePool cannot be used with asyncio engine (Background on this error at: https://sqlalche.me/e/20/pcls)
2025-08-03 21:02:20,812 - app.main - ERROR - Failed to initialize database manager: Pool class QueuePool cannot be used with asyncio engine (Background on this error at: https://sqlalche.me/e/20/pcls)
2025-08-03 21:02:50,078 - app.main - INFO - Shutting down application...
2025-08-03 21:02:50,079 - app.main - INFO - Closing database connections...
2025-08-03 21:02:50,079 - app.main - INFO - Database connections closed successfully
2025-08-03 21:02:58,505 - app.main - INFO - Starting application...
2025-08-03 21:02:58,506 - app.main - INFO - Initializing database manager...
2025-08-03 21:02:58,506 - app.db.session - INFO - Database URL prepared: postgresql://db:5432/traveldb
2025-08-03 21:02:58,507 - app.db.session - ERROR - Failed to initialize database manager: Pool class QueuePool cannot be used with asyncio engine (Background on this error at: https://sqlalche.me/e/20/pcls)
2025-08-03 21:02:58,508 - app.main - ERROR - Failed to initialize database manager: Pool class QueuePool cannot be used with asyncio engine (Background on this error at: https://sqlalche.me/e/20/pcls)
2025-08-03 21:04:07,932 - app.main - INFO - Shutting down application...
2025-08-03 21:04:07,932 - app.main - INFO - Closing database connections...
2025-08-03 21:04:07,932 - app.main - INFO - Database connections closed successfully
2025-08-03 21:04:14,767 - app.main - INFO - Starting application...
2025-08-03 21:04:14,768 - app.main - INFO - Initializing database manager...
2025-08-03 21:04:14,768 - app.db.session - INFO - Database URL prepared: postgresql://db:5432/traveldb
2025-08-03 21:04:14,769 - app.db.session - ERROR - Failed to initialize database manager: Pool class QueuePool cannot be used with asyncio engine (Background on this error at: https://sqlalche.me/e/20/pcls)
2025-08-03 21:04:14,770 - app.main - ERROR - Failed to initialize database manager: Pool class QueuePool cannot be used with asyncio engine (Background on this error at: https://sqlalche.me/e/20/pcls)
2025-08-03 21:08:02,882 - app.main - INFO - Shutting down application...
2025-08-03 21:08:02,882 - app.main - INFO - Closing database connections...
2025-08-03 21:08:02,883 - app.main - INFO - Database connections closed successfully
2025-08-03 21:08:11,873 - app.main - INFO - Starting application...
2025-08-03 21:08:11,874 - app.main - INFO - Initializing database manager...
2025-08-03 21:08:11,874 - app.db.session - INFO - Database URL prepared: postgresql://db:5432/traveldb
2025-08-03 21:08:11,875 - app.db.session - ERROR - Failed to initialize database manager: Pool class QueuePool cannot be used with asyncio engine (Background on this error at: https://sqlalche.me/e/20/pcls)
2025-08-03 21:08:11,876 - app.main - ERROR - Failed to initialize database manager: Pool class QueuePool cannot be used with asyncio engine (Background on this error at: https://sqlalche.me/e/20/pcls)
2025-08-03 21:08:51,851 - app.main - INFO - Shutting down application...
2025-08-03 21:08:51,852 - app.main - INFO - Closing database connections...
2025-08-03 21:08:51,852 - app.main - INFO - Database connections closed successfully
2025-08-03 21:08:59,290 - app.main - INFO - Starting application...
2025-08-03 21:08:59,291 - app.main - INFO - Initializing database manager...
2025-08-03 21:08:59,291 - app.db.session - INFO - Database URL prepared: postgresql://db:5432/traveldb
2025-08-03 21:08:59,293 - app.db.session - ERROR - Failed to initialize database manager: Pool class QueuePool cannot be used with asyncio engine (Background on this error at: https://sqlalche.me/e/20/pcls)
2025-08-03 21:08:59,293 - app.main - ERROR - Failed to initialize database manager: Pool class QueuePool cannot be used with asyncio engine (Background on this error at: https://sqlalche.me/e/20/pcls)
2025-08-03 21:12:41,124 - app.main - INFO - Shutting down application...
2025-08-03 21:12:41,125 - app.main - INFO - Closing database connections...
2025-08-03 21:12:41,125 - app.main - INFO - Database connections closed successfully
2025-08-03 21:12:49,187 - app.main - INFO - Starting application...
2025-08-03 21:12:49,188 - app.main - INFO - Initializing database manager...
2025-08-03 21:12:49,189 - app.db.session - INFO - Database URL prepared: postgresql://db:5432/traveldb
2025-08-03 21:12:49,190 - app.db.session - ERROR - Failed to initialize database manager: Pool class QueuePool cannot be used with asyncio engine (Background on this error at: https://sqlalche.me/e/20/pcls)
2025-08-03 21:12:49,190 - app.main - ERROR - Failed to initialize database manager: Pool class QueuePool cannot be used with asyncio engine (Background on this error at: https://sqlalche.me/e/20/pcls)
2025-08-03 21:12:58,416 - app.main - INFO - Shutting down application...
2025-08-03 21:12:58,417 - app.main - INFO - Closing database connections...
2025-08-03 21:12:58,417 - app.main - INFO - Database connections closed successfully
2025-08-03 21:13:05,785 - app.main - INFO - Starting application...
2025-08-03 21:13:05,786 - app.main - INFO - Initializing database manager...
2025-08-03 21:13:05,786 - app.db.session - INFO - Database URL prepared: postgresql://db:5432/traveldb
2025-08-03 21:13:05,788 - app.db.session - ERROR - Failed to initialize database manager: Pool class QueuePool cannot be used with asyncio engine (Background on this error at: https://sqlalche.me/e/20/pcls)
2025-08-03 21:13:05,788 - app.main - ERROR - Failed to initialize database manager: Pool class QueuePool cannot be used with asyncio engine (Background on this error at: https://sqlalche.me/e/20/pcls)
2025-08-03 21:13:15,816 - app.main - INFO - Shutting down application...
2025-08-03 21:13:15,816 - app.main - INFO - Closing database connections...
2025-08-03 21:13:15,817 - app.main - INFO - Database connections closed successfully
2025-08-03 21:13:24,801 - app.main - INFO - Starting application...
2025-08-03 21:13:24,801 - app.main - INFO - Initializing database manager...
2025-08-03 21:13:24,802 - app.db.session - INFO - Database URL prepared: postgresql://db:5432/traveldb
2025-08-03 21:13:24,803 - app.db.session - ERROR - Failed to initialize database manager: Pool class QueuePool cannot be used with asyncio engine (Background on this error at: https://sqlalche.me/e/20/pcls)
2025-08-03 21:13:24,803 - app.main - ERROR - Failed to initialize database manager: Pool class QueuePool cannot be used with asyncio engine (Background on this error at: https://sqlalche.me/e/20/pcls)
2025-08-03 21:14:24,170 - app.main - INFO - Shutting down application...
2025-08-03 21:14:24,172 - app.main - INFO - Closing database connections...
2025-08-03 21:14:24,173 - app.main - INFO - Database connections closed successfully
2025-08-03 21:14:33,751 - app.main - INFO - Starting application...
2025-08-03 21:14:33,752 - app.main - INFO - Initializing database manager...
2025-08-03 21:14:33,753 - app.db.session - INFO - Database URL prepared: postgresql://db:5432/traveldb
2025-08-03 21:14:33,755 - app.db.session - ERROR - Failed to initialize database manager: Pool class QueuePool cannot be used with asyncio engine (Background on this error at: https://sqlalche.me/e/20/pcls)
2025-08-03 21:14:33,755 - app.main - ERROR - Failed to initialize database manager: Pool class QueuePool cannot be used with asyncio engine (Background on this error at: https://sqlalche.me/e/20/pcls)
2025-08-03 21:14:44,788 - app.main - INFO - Shutting down application...
2025-08-03 21:14:44,789 - app.main - INFO - Closing database connections...
2025-08-03 21:14:44,789 - app.main - INFO - Database connections closed successfully
2025-08-03 21:14:53,278 - app.main - INFO - Starting application...
2025-08-03 21:14:53,279 - app.main - INFO - Initializing database manager...
2025-08-03 21:14:53,279 - app.db.session - INFO - Database URL prepared: postgresql://db:5432/traveldb
2025-08-03 21:14:53,280 - app.db.session - ERROR - Failed to initialize database manager: Pool class QueuePool cannot be used with asyncio engine (Background on this error at: https://sqlalche.me/e/20/pcls)
2025-08-03 21:14:53,281 - app.main - ERROR - Failed to initialize database manager: Pool class QueuePool cannot be used with asyncio engine (Background on this error at: https://sqlalche.me/e/20/pcls)
2025-08-03 21:16:34,629 - app.main - INFO - Shutting down application...
2025-08-03 21:16:34,630 - app.main - INFO - Closing database connections...
2025-08-03 21:16:34,630 - app.main - INFO - Database connections closed successfully
2025-08-03 21:16:42,397 - app.main - INFO - Starting application...
2025-08-03 21:16:42,398 - app.main - INFO - Initializing database manager...
2025-08-03 21:16:42,398 - app.db.session - INFO - Database URL prepared: postgresql://db:5432/traveldb
2025-08-03 21:16:42,399 - app.db.session - ERROR - Failed to initialize database manager: Pool class QueuePool cannot be used with asyncio engine (Background on this error at: https://sqlalche.me/e/20/pcls)
2025-08-03 21:16:42,399 - app.main - ERROR - Failed to initialize database manager: Pool class QueuePool cannot be used with asyncio engine (Background on this error at: https://sqlalche.me/e/20/pcls)
2025-08-03 21:16:53,236 - app.main - INFO - Shutting down application...
2025-08-03 21:16:53,236 - app.main - INFO - Closing database connections...
2025-08-03 21:16:53,236 - app.main - INFO - Database connections closed successfully
2025-08-03 21:17:01,500 - app.main - INFO - Starting application...
2025-08-03 21:17:01,501 - app.main - INFO - Initializing database manager...
2025-08-03 21:17:01,501 - app.db.session - INFO - Database URL prepared: postgresql://db:5432/traveldb
2025-08-03 21:17:01,503 - app.db.session - ERROR - Failed to initialize database manager: Pool class QueuePool cannot be used with asyncio engine (Background on this error at: https://sqlalche.me/e/20/pcls)
2025-08-03 21:17:01,503 - app.main - ERROR - Failed to initialize database manager: Pool class QueuePool cannot be used with asyncio engine (Background on this error at: https://sqlalche.me/e/20/pcls)
2025-08-03 21:18:37,870 - app.main - INFO - Shutting down application...
2025-08-03 21:18:37,870 - app.main - INFO - Closing database connections...
2025-08-03 21:18:37,870 - app.main - INFO - Database connections closed successfully
2025-08-03 21:18:45,160 - app.main - INFO - Starting application...
2025-08-03 21:18:45,161 - app.main - INFO - Initializing database manager...
2025-08-03 21:18:45,161 - app.db.session - INFO - Database URL prepared: postgresql://db:5432/traveldb
2025-08-03 21:18:45,163 - app.db.session - ERROR - Failed to initialize database manager: Pool class QueuePool cannot be used with asyncio engine (Background on this error at: https://sqlalche.me/e/20/pcls)
2025-08-03 21:18:45,163 - app.main - ERROR - Failed to initialize database manager: Pool class QueuePool cannot be used with asyncio engine (Background on this error at: https://sqlalche.me/e/20/pcls)
2025-08-03 21:20:03,818 - app.main - INFO - Shutting down application...
2025-08-03 21:20:03,819 - app.main - INFO - Closing database connections...
2025-08-03 21:20:03,819 - app.main - INFO - Database connections closed successfully
2025-08-03 21:20:13,039 - app.main - INFO - Starting application...
2025-08-03 21:20:13,040 - app.main - INFO - Initializing database manager...
2025-08-03 21:20:13,041 - app.db.session - INFO - Database URL prepared: postgresql://db:5432/traveldb
2025-08-03 21:20:13,043 - app.db.session - ERROR - Failed to initialize database manager: Pool class QueuePool cannot be used with asyncio engine (Background on this error at: https://sqlalche.me/e/20/pcls)
2025-08-03 21:20:13,043 - app.main - ERROR - Failed to initialize database manager: Pool class QueuePool cannot be used with asyncio engine (Background on this error at: https://sqlalche.me/e/20/pcls)
2025-08-03 21:20:23,887 - app.main - INFO - Shutting down application...
2025-08-03 21:20:23,887 - app.main - INFO - Closing database connections...
2025-08-03 21:20:23,888 - app.main - INFO - Database connections closed successfully
2025-08-03 21:20:32,377 - app.main - INFO - Starting application...
2025-08-03 21:20:32,377 - app.main - INFO - Initializing database manager...
2025-08-03 21:20:32,378 - app.db.session - INFO - Database URL prepared: postgresql://db:5432/traveldb
2025-08-03 21:20:32,379 - app.db.session - ERROR - Failed to initialize database manager: Pool class QueuePool cannot be used with asyncio engine (Background on this error at: https://sqlalche.me/e/20/pcls)
2025-08-03 21:20:32,381 - app.main - ERROR - Failed to initialize database manager: Pool class QueuePool cannot be used with asyncio engine (Background on this error at: https://sqlalche.me/e/20/pcls)
2025-08-03 21:20:44,410 - app.main - INFO - Shutting down application...
2025-08-03 21:20:44,410 - app.main - INFO - Closing database connections...
2025-08-03 21:20:44,410 - app.main - INFO - Database connections closed successfully
2025-08-03 21:20:52,862 - app.main - INFO - Starting application...
2025-08-03 21:20:52,862 - app.main - INFO - Initializing database manager...
2025-08-03 21:20:52,863 - app.db.session - INFO - Database URL prepared: postgresql://db:5432/traveldb
2025-08-03 21:20:52,864 - app.db.session - ERROR - Failed to initialize database manager: Pool class QueuePool cannot be used with asyncio engine (Background on this error at: https://sqlalche.me/e/20/pcls)
2025-08-03 21:20:52,864 - app.main - ERROR - Failed to initialize database manager: Pool class QueuePool cannot be used with asyncio engine (Background on this error at: https://sqlalche.me/e/20/pcls)
2025-08-03 21:21:03,193 - app.main - INFO - Shutting down application...
2025-08-03 21:21:03,194 - app.main - INFO - Closing database connections...
2025-08-03 21:21:03,194 - app.main - INFO - Database connections closed successfully
2025-08-03 21:21:11,992 - app.main - INFO - Starting application...
2025-08-03 21:21:11,993 - app.main - INFO - Initializing database manager...
2025-08-03 21:21:11,993 - app.db.session - INFO - Database URL prepared: postgresql://db:5432/traveldb
2025-08-03 21:21:11,995 - app.db.session - ERROR - Failed to initialize database manager: Pool class QueuePool cannot be used with asyncio engine (Background on this error at: https://sqlalche.me/e/20/pcls)
2025-08-03 21:21:11,995 - app.main - ERROR - Failed to initialize database manager: Pool class QueuePool cannot be used with asyncio engine (Background on this error at: https://sqlalche.me/e/20/pcls)
2025-08-03 21:22:30,248 - app.main - INFO - Shutting down application...
2025-08-03 21:22:30,248 - app.main - INFO - Closing database connections...
2025-08-03 21:22:30,248 - app.main - INFO - Database connections closed successfully
2025-08-03 21:22:38,230 - app.main - INFO - Starting application...
2025-08-03 21:22:38,231 - app.main - INFO - Initializing database manager...
2025-08-03 21:22:38,232 - app.db.session - INFO - Database URL prepared: postgresql://db:5432/traveldb
2025-08-03 21:22:38,234 - app.db.session - ERROR - Failed to initialize database manager: Pool class QueuePool cannot be used with asyncio engine (Background on this error at: https://sqlalche.me/e/20/pcls)
2025-08-03 21:22:38,235 - app.main - ERROR - Failed to initialize database manager: Pool class QueuePool cannot be used with asyncio engine (Background on this error at: https://sqlalche.me/e/20/pcls)
2025-08-03 21:22:51,670 - app.main - INFO - Shutting down application...
2025-08-03 21:22:51,671 - app.main - INFO - Closing database connections...
2025-08-03 21:22:51,671 - app.main - INFO - Database connections closed successfully
2025-08-03 21:22:59,551 - app.main - INFO - Starting application...
2025-08-03 21:22:59,552 - app.main - INFO - Initializing database manager...
2025-08-03 21:22:59,553 - app.db.session - INFO - Database URL prepared: postgresql://db:5432/traveldb
2025-08-03 21:22:59,555 - app.db.session - ERROR - Failed to initialize database manager: Pool class QueuePool cannot be used with asyncio engine (Background on this error at: https://sqlalche.me/e/20/pcls)
2025-08-03 21:22:59,555 - app.main - ERROR - Failed to initialize database manager: Pool class QueuePool cannot be used with asyncio engine (Background on this error at: https://sqlalche.me/e/20/pcls)
2025-08-03 21:25:25,908 - app.main - INFO - Shutting down application...
2025-08-03 21:25:25,908 - app.main - INFO - Closing database connections...
2025-08-03 21:25:25,909 - app.main - INFO - Database connections closed successfully
2025-08-03 21:25:33,899 - app.main - INFO - Starting application...
2025-08-03 21:25:33,900 - app.main - INFO - Initializing database manager...
2025-08-03 21:25:33,900 - app.db.session - INFO - Database URL prepared: postgresql://db:5432/traveldb
2025-08-03 21:25:33,902 - app.db.session - ERROR - Failed to initialize database manager: Pool class QueuePool cannot be used with asyncio engine (Background on this error at: https://sqlalche.me/e/20/pcls)
2025-08-03 21:25:33,902 - app.main - ERROR - Failed to initialize database manager: Pool class QueuePool cannot be used with asyncio engine (Background on this error at: https://sqlalche.me/e/20/pcls)
2025-08-03 21:25:43,846 - app.main - INFO - Shutting down application...
2025-08-03 21:25:43,846 - app.main - INFO - Closing database connections...
2025-08-03 21:25:43,846 - app.main - INFO - Database connections closed successfully
2025-08-03 21:25:52,151 - app.main - INFO - Starting application...
2025-08-03 21:25:52,152 - app.main - INFO - Initializing database manager...
2025-08-03 21:25:52,152 - app.db.session - INFO - Database URL prepared: postgresql://db:5432/traveldb
2025-08-03 21:25:52,154 - app.db.session - ERROR - Failed to initialize database manager: Pool class QueuePool cannot be used with asyncio engine (Background on this error at: https://sqlalche.me/e/20/pcls)
2025-08-03 21:25:52,154 - app.main - ERROR - Failed to initialize database manager: Pool class QueuePool cannot be used with asyncio engine (Background on this error at: https://sqlalche.me/e/20/pcls)
2025-08-03 21:26:51,827 - app.main - INFO - Shutting down application...
2025-08-03 21:26:51,828 - app.main - INFO - Closing database connections...
2025-08-03 21:26:51,828 - app.main - INFO - Database connections closed successfully
2025-08-03 21:27:00,048 - app.main - INFO - Starting application...
2025-08-03 21:27:00,049 - app.main - INFO - Initializing database manager...
2025-08-03 21:27:00,049 - app.db.session - INFO - Database URL prepared: postgresql://db:5432/traveldb
2025-08-03 21:27:00,051 - app.db.session - ERROR - Failed to initialize database manager: Pool class QueuePool cannot be used with asyncio engine (Background on this error at: https://sqlalche.me/e/20/pcls)
2025-08-03 21:27:00,051 - app.main - ERROR - Failed to initialize database manager: Pool class QueuePool cannot be used with asyncio engine (Background on this error at: https://sqlalche.me/e/20/pcls)
2025-08-03 21:27:09,681 - app.main - INFO - Shutting down application...
2025-08-03 21:27:09,682 - app.main - INFO - Closing database connections...
2025-08-03 21:27:09,682 - app.main - INFO - Database connections closed successfully
2025-08-03 21:27:17,367 - app.main - INFO - Starting application...
2025-08-03 21:27:17,367 - app.main - INFO - Initializing database manager...
2025-08-03 21:27:17,368 - app.db.session - INFO - Database URL prepared: postgresql://db:5432/traveldb
2025-08-03 21:27:17,370 - app.db.session - ERROR - Failed to initialize database manager: Pool class QueuePool cannot be used with asyncio engine (Background on this error at: https://sqlalche.me/e/20/pcls)
2025-08-03 21:27:17,370 - app.main - ERROR - Failed to initialize database manager: Pool class QueuePool cannot be used with asyncio engine (Background on this error at: https://sqlalche.me/e/20/pcls)
2025-08-03 21:27:29,586 - app.main - INFO - Shutting down application...
2025-08-03 21:27:29,586 - app.main - INFO - Closing database connections...
2025-08-03 21:27:29,587 - app.main - INFO - Database connections closed successfully
2025-08-03 21:27:37,333 - app.main - INFO - Starting application...
2025-08-03 21:27:37,333 - app.main - INFO - Initializing database manager...
2025-08-03 21:27:37,334 - app.db.session - INFO - Database URL prepared: postgresql://db:5432/traveldb
2025-08-03 21:27:37,336 - app.db.session - ERROR - Failed to initialize database manager: Pool class QueuePool cannot be used with asyncio engine (Background on this error at: https://sqlalche.me/e/20/pcls)
2025-08-03 21:27:37,336 - app.main - ERROR - Failed to initialize database manager: Pool class QueuePool cannot be used with asyncio engine (Background on this error at: https://sqlalche.me/e/20/pcls)
2025-08-03 21:28:59,281 - app.main - INFO - Shutting down application...
2025-08-03 21:28:59,282 - app.main - INFO - Closing database connections...
2025-08-03 21:28:59,282 - app.main - INFO - Database connections closed successfully
2025-08-03 21:29:07,122 - app.main - INFO - Starting application...
2025-08-03 21:29:07,123 - app.main - INFO - Initializing database manager...
2025-08-03 21:29:07,123 - app.db.session - INFO - Database URL prepared: postgresql://db:5432/traveldb
2025-08-03 21:29:07,125 - app.db.session - ERROR - Failed to initialize database manager: Pool class QueuePool cannot be used with asyncio engine (Background on this error at: https://sqlalche.me/e/20/pcls)
2025-08-03 21:29:07,126 - app.main - ERROR - Failed to initialize database manager: Pool class QueuePool cannot be used with asyncio engine (Background on this error at: https://sqlalche.me/e/20/pcls)
2025-08-03 21:29:17,555 - app.main - INFO - Shutting down application...
2025-08-03 21:29:17,556 - app.main - INFO - Closing database connections...
2025-08-03 21:29:17,556 - app.main - INFO - Database connections closed successfully
2025-08-03 21:29:24,851 - app.main - INFO - Starting application...
2025-08-03 21:29:24,852 - app.main - INFO - Initializing database manager...
2025-08-03 21:29:24,853 - app.db.session - INFO - Database URL prepared: postgresql://db:5432/traveldb
2025-08-03 21:29:24,854 - app.db.session - ERROR - Failed to initialize database manager: Pool class QueuePool cannot be used with asyncio engine (Background on this error at: https://sqlalche.me/e/20/pcls)
2025-08-03 21:29:24,855 - app.main - ERROR - Failed to initialize database manager: Pool class QueuePool cannot be used with asyncio engine (Background on this error at: https://sqlalche.me/e/20/pcls)
2025-08-03 22:42:51,693 - app.main - INFO - Shutting down application...
2025-08-03 22:42:51,700 - app.main - INFO - Closing database connections...
2025-08-03 22:42:51,703 - app.main - INFO - Database connections closed successfully
2025-08-03 22:43:07,862 - app.main - INFO - Starting application...
2025-08-03 22:43:07,863 - app.main - INFO - Initializing database manager...
2025-08-03 22:43:07,865 - app.db.session - INFO - Database URL prepared: postgresql://db:5432/traveldb
2025-08-03 22:43:07,867 - app.db.session - ERROR - Failed to initialize database manager: Pool class QueuePool cannot be used with asyncio engine (Background on this error at: https://sqlalche.me/e/20/pcls)
2025-08-03 22:43:07,868 - app.main - ERROR - Failed to initialize database manager: Pool class QueuePool cannot be used with asyncio engine (Background on this error at: https://sqlalche.me/e/20/pcls)
2025-08-03 22:43:13,532 - app.main - INFO - Shutting down application...
2025-08-03 22:43:13,533 - app.main - INFO - Closing database connections...
2025-08-03 22:43:13,533 - app.main - INFO - Database connections closed successfully
2025-08-03 22:43:22,250 - app.main - INFO - Starting application...
2025-08-03 22:43:22,251 - app.main - INFO - Initializing database manager...
2025-08-03 22:43:22,251 - app.db.session - INFO - Database URL prepared: postgresql://db:5432/traveldb
2025-08-03 22:43:22,253 - app.db.session - ERROR - Failed to initialize database manager: Pool class QueuePool cannot be used with asyncio engine (Background on this error at: https://sqlalche.me/e/20/pcls)
2025-08-03 22:43:22,253 - app.main - ERROR - Failed to initialize database manager: Pool class QueuePool cannot be used with asyncio engine (Background on this error at: https://sqlalche.me/e/20/pcls)
2025-08-03 22:44:59,962 - app.main - INFO - Shutting down application...
2025-08-03 22:44:59,963 - app.main - INFO - Closing database connections...
2025-08-03 22:44:59,963 - app.main - INFO - Database connections closed successfully
2025-08-03 22:45:08,224 - app.main - INFO - Starting application...
2025-08-03 22:45:08,224 - app.main - INFO - Initializing database manager...
2025-08-03 22:45:08,225 - app.db.session - INFO - Database URL prepared: postgresql://db:5432/traveldb
2025-08-03 22:45:08,226 - app.db.session - ERROR - Failed to initialize database manager: Pool class QueuePool cannot be used with asyncio engine (Background on this error at: https://sqlalche.me/e/20/pcls)
2025-08-03 22:45:08,227 - app.main - ERROR - Failed to initialize database manager: Pool class QueuePool cannot be used with asyncio engine (Background on this error at: https://sqlalche.me/e/20/pcls)
2025-08-03 22:49:12,626 - app.main - INFO - Shutting down application...
2025-08-03 22:49:12,627 - app.main - INFO - Closing database connections...
2025-08-03 22:49:12,627 - app.main - INFO - Database connections closed successfully
2025-08-03 22:49:18,731 - app.main - INFO - Starting application...
2025-08-03 22:49:18,732 - app.main - INFO - Initializing database manager...
2025-08-03 22:49:18,732 - app.db.session - INFO - Database URL prepared: postgresql://db:5432/traveldb
2025-08-03 22:49:18,734 - app.db.session - ERROR - Failed to initialize database manager: Pool class QueuePool cannot be used with asyncio engine (Background on this error at: https://sqlalche.me/e/20/pcls)
2025-08-03 22:49:18,735 - app.main - ERROR - Failed to initialize database manager: Pool class QueuePool cannot be used with asyncio engine (Background on this error at: https://sqlalche.me/e/20/pcls)
2025-08-04 00:04:33,809 - app.main - INFO - Starting application...
2025-08-04 00:04:33,810 - app.main - INFO - Initializing database manager...
2025-08-04 00:04:33,812 - app.db.session - INFO - Database URL prepared: postgresql://db:5432/traveldb
2025-08-04 00:04:33,813 - app.db.session - ERROR - Failed to initialize database manager: Pool class QueuePool cannot be used with asyncio engine (Background on this error at: https://sqlalche.me/e/20/pcls)
2025-08-04 00:04:33,813 - app.main - ERROR - Failed to initialize database manager: Pool class QueuePool cannot be used with asyncio engine (Background on this error at: https://sqlalche.me/e/20/pcls)
2025-08-04 00:05:51,665 - app.main - INFO - Starting application...
2025-08-04 00:05:51,666 - app.main - INFO - Initializing database manager...
2025-08-04 00:05:51,666 - app.db.session - INFO - Database URL prepared: postgresql://db:5432/traveldb
2025-08-04 00:05:51,668 - app.db.session - ERROR - Failed to initialize database manager: Pool class QueuePool cannot be used with asyncio engine (Background on this error at: https://sqlalche.me/e/20/pcls)
2025-08-04 00:05:51,669 - app.main - ERROR - Failed to initialize database manager: Pool class QueuePool cannot be used with asyncio engine (Background on this error at: https://sqlalche.me/e/20/pcls)
2025-08-04 00:06:16,499 - app.main - INFO - Starting application...
2025-08-04 00:06:16,500 - app.main - INFO - Initializing database manager...
2025-08-04 00:06:16,502 - app.db.session - INFO - Database URL prepared: postgresql://db:5432/traveldb
2025-08-04 00:06:16,507 - app.db.session - ERROR - Failed to initialize database manager: Pool class QueuePool cannot be used with asyncio engine (Background on this error at: https://sqlalche.me/e/20/pcls)
2025-08-04 00:06:16,508 - app.main - ERROR - Failed to initialize database manager: Pool class QueuePool cannot be used with asyncio engine (Background on this error at: https://sqlalche.me/e/20/pcls)
2025-08-04 00:16:28,647 - app.main - INFO - Shutting down application...
2025-08-04 00:16:28,648 - app.main - INFO - Closing database connections...
2025-08-04 00:16:28,648 - app.main - INFO - Database connections closed successfully
2025-08-04 00:16:37,085 - app.main - INFO - Starting application...
2025-08-04 00:16:37,086 - app.main - INFO - Initializing database manager...
2025-08-04 00:16:37,087 - app.db.session - INFO - Database URL prepared: postgresql://db:5432/traveldb
2025-08-04 00:16:37,094 - app.db.session - ERROR - Failed to initialize database manager: Pool class QueuePool cannot be used with asyncio engine (Background on this error at: https://sqlalche.me/e/20/pcls)
2025-08-04 00:16:37,095 - app.main - ERROR - Failed to initialize database manager: Pool class QueuePool cannot be used with asyncio engine (Background on this error at: https://sqlalche.me/e/20/pcls)
2025-08-04 00:16:49,049 - app.main - ERROR - Unhandled exception: 'async_generator' object does not support the asynchronous context manager protocol
Traceback (most recent call last):
  File "/usr/local/lib/python3.13/site-packages/starlette/middleware/errors.py", line 165, in __call__
    await self.app(scope, receive, _send)
  File "/usr/local/lib/python3.13/site-packages/starlette/middleware/cors.py", line 85, in __call__
    await self.app(scope, receive, send)
  File "/usr/local/lib/python3.13/site-packages/starlette/middleware/exceptions.py", line 62, in __call__
    await wrap_app_handling_exceptions(self.app, conn)(scope, receive, send)
  File "/usr/local/lib/python3.13/site-packages/starlette/_exception_handler.py", line 53, in wrapped_app
    raise exc
  File "/usr/local/lib/python3.13/site-packages/starlette/_exception_handler.py", line 42, in wrapped_app
    await app(scope, receive, sender)
  File "/usr/local/lib/python3.13/site-packages/starlette/routing.py", line 714, in __call__
    await self.middleware_stack(scope, receive, send)
  File "/usr/local/lib/python3.13/site-packages/starlette/routing.py", line 734, in app
    await route.handle(scope, receive, send)
  File "/usr/local/lib/python3.13/site-packages/starlette/routing.py", line 288, in handle
    await self.app(scope, receive, send)
  File "/usr/local/lib/python3.13/site-packages/starlette/routing.py", line 76, in app
    await wrap_app_handling_exceptions(app, request)(scope, receive, send)
  File "/usr/local/lib/python3.13/site-packages/starlette/_exception_handler.py", line 53, in wrapped_app
    raise exc
  File "/usr/local/lib/python3.13/site-packages/starlette/_exception_handler.py", line 42, in wrapped_app
    await app(scope, receive, sender)
  File "/usr/local/lib/python3.13/site-packages/starlette/routing.py", line 73, in app
    response = await f(request)
               ^^^^^^^^^^^^^^^^
  File "/usr/local/lib/python3.13/site-packages/fastapi/routing.py", line 291, in app
    solved_result = await solve_dependencies(
                    ^^^^^^^^^^^^^^^^^^^^^^^^^
    ...<6 lines>...
    )
    ^
  File "/usr/local/lib/python3.13/site-packages/fastapi/dependencies/utils.py", line 634, in solve_dependencies
    solved = await solve_generator(
             ^^^^^^^^^^^^^^^^^^^^^^
        call=call, stack=async_exit_stack, sub_values=solved_result.values
        ^^^^^^^^^^^^^^^^^^^^^^^^^^^^^^^^^^^^^^^^^^^^^^^^^^^^^^^^^^^^^^^^^^
    )
    ^
  File "/usr/local/lib/python3.13/site-packages/fastapi/dependencies/utils.py", line 560, in solve_generator
    return await stack.enter_async_context(cm)
           ^^^^^^^^^^^^^^^^^^^^^^^^^^^^^^^^^^^
  File "/usr/local/lib/python3.13/contextlib.py", line 668, in enter_async_context
    result = await _enter(cm)
             ^^^^^^^^^^^^^^^^
  File "/usr/local/lib/python3.13/contextlib.py", line 214, in __aenter__
    return await anext(self.gen)
           ^^^^^^^^^^^^^^^^^^^^^
  File "/app/app/db/session.py", line 289, in get_session
    async with db_manager.get_session() as session:
               ~~~~~~~~~~~~~~~~~~~~~~^^
TypeError: 'async_generator' object does not support the asynchronous context manager protocol
2025-08-04 00:19:44,935 - app.main - INFO - Shutting down application...
2025-08-04 00:19:44,937 - app.main - INFO - Closing database connections...
2025-08-04 00:19:44,938 - app.main - INFO - Database connections closed successfully
2025-08-04 00:19:54,051 - app.main - INFO - Starting application...
2025-08-04 00:19:54,053 - app.main - INFO - Initializing database manager...
2025-08-04 00:19:54,056 - app.db.session - INFO - Database URL prepared: postgresql://db:5432/traveldb
2025-08-04 00:19:54,057 - app.db.session - ERROR - Failed to initialize database manager: Pool class QueuePool cannot be used with asyncio engine (Background on this error at: https://sqlalche.me/e/20/pcls)
2025-08-04 00:19:54,058 - app.main - ERROR - Failed to initialize database manager: Pool class QueuePool cannot be used with asyncio engine (Background on this error at: https://sqlalche.me/e/20/pcls)
2025-08-04 00:20:00,910 - app.main - ERROR - Unhandled exception: Database manager not initialized
Traceback (most recent call last):
  File "/usr/local/lib/python3.13/site-packages/starlette/middleware/errors.py", line 165, in __call__
    await self.app(scope, receive, _send)
  File "/usr/local/lib/python3.13/site-packages/starlette/middleware/cors.py", line 85, in __call__
    await self.app(scope, receive, send)
  File "/usr/local/lib/python3.13/site-packages/starlette/middleware/exceptions.py", line 62, in __call__
    await wrap_app_handling_exceptions(self.app, conn)(scope, receive, send)
  File "/usr/local/lib/python3.13/site-packages/starlette/_exception_handler.py", line 53, in wrapped_app
    raise exc
  File "/usr/local/lib/python3.13/site-packages/starlette/_exception_handler.py", line 42, in wrapped_app
    await app(scope, receive, sender)
  File "/usr/local/lib/python3.13/site-packages/starlette/routing.py", line 714, in __call__
    await self.middleware_stack(scope, receive, send)
  File "/usr/local/lib/python3.13/site-packages/starlette/routing.py", line 734, in app
    await route.handle(scope, receive, send)
  File "/usr/local/lib/python3.13/site-packages/starlette/routing.py", line 288, in handle
    await self.app(scope, receive, send)
  File "/usr/local/lib/python3.13/site-packages/starlette/routing.py", line 76, in app
    await wrap_app_handling_exceptions(app, request)(scope, receive, send)
  File "/usr/local/lib/python3.13/site-packages/starlette/_exception_handler.py", line 53, in wrapped_app
    raise exc
  File "/usr/local/lib/python3.13/site-packages/starlette/_exception_handler.py", line 42, in wrapped_app
    await app(scope, receive, sender)
  File "/usr/local/lib/python3.13/site-packages/starlette/routing.py", line 73, in app
    response = await f(request)
               ^^^^^^^^^^^^^^^^
  File "/usr/local/lib/python3.13/site-packages/fastapi/routing.py", line 291, in app
    solved_result = await solve_dependencies(
                    ^^^^^^^^^^^^^^^^^^^^^^^^^
    ...<6 lines>...
    )
    ^
  File "/usr/local/lib/python3.13/site-packages/fastapi/dependencies/utils.py", line 634, in solve_dependencies
    solved = await solve_generator(
             ^^^^^^^^^^^^^^^^^^^^^^
        call=call, stack=async_exit_stack, sub_values=solved_result.values
        ^^^^^^^^^^^^^^^^^^^^^^^^^^^^^^^^^^^^^^^^^^^^^^^^^^^^^^^^^^^^^^^^^^
    )
    ^
  File "/usr/local/lib/python3.13/site-packages/fastapi/dependencies/utils.py", line 560, in solve_generator
    return await stack.enter_async_context(cm)
           ^^^^^^^^^^^^^^^^^^^^^^^^^^^^^^^^^^^
  File "/usr/local/lib/python3.13/contextlib.py", line 668, in enter_async_context
    result = await _enter(cm)
             ^^^^^^^^^^^^^^^^
  File "/usr/local/lib/python3.13/contextlib.py", line 214, in __aenter__
    return await anext(self.gen)
           ^^^^^^^^^^^^^^^^^^^^^
  File "/app/app/db/session.py", line 290, in get_session
    async with db_manager.get_session() as session:
               ~~~~~~~~~~~~~~~~~~~~~~^^
  File "/usr/local/lib/python3.13/contextlib.py", line 214, in __aenter__
    return await anext(self.gen)
           ^^^^^^^^^^^^^^^^^^^^^
  File "/app/app/db/session.py", line 148, in get_session
    raise RuntimeError("Database manager not initialized")
RuntimeError: Database manager not initialized
2025-08-04 00:25:15,041 - app.main - INFO - Shutting down application...
2025-08-04 00:25:15,043 - app.main - INFO - Closing database connections...
2025-08-04 00:25:15,043 - app.main - INFO - Database connections closed successfully
2025-08-04 00:25:23,616 - app.main - INFO - Starting application...
2025-08-04 00:25:23,618 - app.main - INFO - Initializing database manager...
2025-08-04 00:25:23,619 - app.db.session - INFO - Database URL prepared: postgresql://db:5432/traveldb
2025-08-04 00:25:23,621 - app.db.session - ERROR - Failed to initialize database manager: Pool class QueuePool cannot be used with asyncio engine (Background on this error at: https://sqlalche.me/e/20/pcls)
2025-08-04 00:25:23,621 - app.main - ERROR - Failed to initialize database manager
Traceback (most recent call last):
  File "/app/app/main.py", line 37, in lifespan
    await db_manager.initialize()
  File "/app/app/db/session.py", line 127, in initialize
    self.engine = self._create_engine()
                  ~~~~~~~~~~~~~~~~~~~^^
  File "/app/app/db/session.py", line 94, in _create_engine
    engine = create_async_engine(**engine_config)
  File "/usr/local/lib/python3.13/site-packages/sqlalchemy/ext/asyncio/engine.py", line 120, in create_async_engine
    sync_engine = _create_engine(url, **kw)
  File "<string>", line 2, in create_engine
  File "/usr/local/lib/python3.13/site-packages/sqlalchemy/util/deprecations.py", line 281, in warned
    return fn(*args, **kwargs)  # type: ignore[no-any-return]
  File "/usr/local/lib/python3.13/site-packages/sqlalchemy/engine/create.py", line 673, in create_engine
    raise exc.ArgumentError(
    ...<4 lines>...
    )
sqlalchemy.exc.ArgumentError: Pool class QueuePool cannot be used with asyncio engine (Background on this error at: https://sqlalche.me/e/20/pcls)
2025-08-04 00:29:45,121 - app.main - INFO - Starting application...
2025-08-04 00:29:45,123 - app.main - INFO - Initializing database manager...
2025-08-04 00:29:45,125 - app.db.session - INFO - Database URL prepared: postgresql://db:5432/traveldb
2025-08-04 00:29:45,127 - app.db.session - INFO - Database engine created with pool_size=10
2025-08-04 00:29:45,200 - app.db.session - ERROR - Database health check failed: 'AsyncAdaptedQueuePool' object has no attribute 'invalidated'
2025-08-04 00:29:45,201 - app.db.session - INFO - Database manager initialized successfully
2025-08-04 00:29:45,202 - app.main - INFO - Database manager initialized successfully
2025-08-04 00:30:37,559 - passlib.handlers.bcrypt - WARNING - (trapped) error reading bcrypt version
Traceback (most recent call last):
  File "/usr/local/lib/python3.13/site-packages/passlib/handlers/bcrypt.py", line 620, in _load_backend_mixin
    version = _bcrypt.__about__.__version__
              ^^^^^^^^^^^^^^^^^
AttributeError: module 'bcrypt' has no attribute '__about__'
2025-08-04 00:30:37,943 - app.db.crud - INFO - Created user: testuser123
2025-08-04 00:30:37,944 - app.api.users - INFO - Created new user: testuser123
2025-08-04 00:30:38,032 - app.main - INFO - Shutting down application...
2025-08-04 00:30:38,032 - app.main - INFO - Closing database connections...
2025-08-04 00:30:38,033 - app.db.session - INFO - Closing database connections...
2025-08-04 00:30:38,038 - app.db.session - INFO - Database connections closed
2025-08-04 00:30:38,038 - app.main - INFO - Database connections closed successfully
2025-08-04 00:30:46,549 - app.main - INFO - Starting application...
2025-08-04 00:30:46,552 - app.main - INFO - Initializing database manager...
2025-08-04 00:30:46,552 - app.db.session - INFO - Database URL prepared: postgresql://db:5432/traveldb
2025-08-04 00:30:46,557 - app.db.session - INFO - Database engine created with pool_size=10
2025-08-04 00:30:46,634 - app.db.session - ERROR - Database health check failed: 'AsyncAdaptedQueuePool' object has no attribute 'invalidated'
2025-08-04 00:30:46,636 - app.db.session - INFO - Database manager initialized successfully
2025-08-04 00:30:46,637 - app.main - INFO - Database manager initialized successfully
2025-08-04 00:30:54,914 - app.db.session - ERROR - Unexpected session error: 1 validation errors:
  {'type': 'enum', 'loc': ('response', 0, 'status'), 'msg': "Input should be 'active', 'inactive' or 'suspended'", 'input': None, 'ctx': {'expected': "'active', 'inactive' or 'suspended'"}}

2025-08-04 00:30:54,916 - app.main - ERROR - Unhandled exception: 1 validation errors:
  {'type': 'enum', 'loc': ('response', 0, 'status'), 'msg': "Input should be 'active', 'inactive' or 'suspended'", 'input': None, 'ctx': {'expected': "'active', 'inactive' or 'suspended'"}}
Traceback (most recent call last):
  File "/usr/local/lib/python3.13/site-packages/starlette/middleware/errors.py", line 165, in __call__
    await self.app(scope, receive, _send)
  File "/usr/local/lib/python3.13/site-packages/starlette/middleware/cors.py", line 85, in __call__
    await self.app(scope, receive, send)
  File "/usr/local/lib/python3.13/site-packages/starlette/middleware/exceptions.py", line 62, in __call__
    await wrap_app_handling_exceptions(self.app, conn)(scope, receive, send)
  File "/usr/local/lib/python3.13/site-packages/starlette/_exception_handler.py", line 53, in wrapped_app
    raise exc
  File "/usr/local/lib/python3.13/site-packages/starlette/_exception_handler.py", line 42, in wrapped_app
    await app(scope, receive, sender)
  File "/usr/local/lib/python3.13/site-packages/starlette/routing.py", line 714, in __call__
    await self.middleware_stack(scope, receive, send)
  File "/usr/local/lib/python3.13/site-packages/starlette/routing.py", line 734, in app
    await route.handle(scope, receive, send)
  File "/usr/local/lib/python3.13/site-packages/starlette/routing.py", line 288, in handle
    await self.app(scope, receive, send)
  File "/usr/local/lib/python3.13/site-packages/starlette/routing.py", line 76, in app
    await wrap_app_handling_exceptions(app, request)(scope, receive, send)
  File "/usr/local/lib/python3.13/site-packages/starlette/_exception_handler.py", line 53, in wrapped_app
    raise exc
  File "/usr/local/lib/python3.13/site-packages/starlette/_exception_handler.py", line 42, in wrapped_app
    await app(scope, receive, sender)
  File "/usr/local/lib/python3.13/site-packages/starlette/routing.py", line 73, in app
    response = await f(request)
               ^^^^^^^^^^^^^^^^
  File "/usr/local/lib/python3.13/site-packages/fastapi/routing.py", line 327, in app
    content = await serialize_response(
              ^^^^^^^^^^^^^^^^^^^^^^^^^
    ...<9 lines>...
    )
    ^
  File "/usr/local/lib/python3.13/site-packages/fastapi/routing.py", line 176, in serialize_response
    raise ResponseValidationError(
        errors=_normalize_errors(errors), body=response_content
    )
fastapi.exceptions.ResponseValidationError: 1 validation errors:
  {'type': 'enum', 'loc': ('response', 0, 'status'), 'msg': "Input should be 'active', 'inactive' or 'suspended'", 'input': None, 'ctx': {'expected': "'active', 'inactive' or 'suspended'"}}

2025-08-04 00:36:36,905 - app.main - INFO - Shutting down application...
2025-08-04 00:36:36,905 - app.main - INFO - Closing database connections...
2025-08-04 00:36:36,906 - app.db.session - INFO - Closing database connections...
2025-08-04 00:36:36,912 - app.db.session - INFO - Database connections closed
2025-08-04 00:36:36,913 - app.main - INFO - Database connections closed successfully
2025-08-04 00:36:46,981 - app.main - INFO - Starting application...
2025-08-04 00:36:46,982 - app.main - INFO - Initializing database manager...
2025-08-04 00:36:46,983 - app.db.session - INFO - Database URL prepared: postgresql://db:5432/traveldb
2025-08-04 00:36:46,985 - app.db.session - INFO - Database engine created with pool_size=10
2025-08-04 00:36:47,928 - app.db.session - ERROR - Database health check failed: 'AsyncAdaptedQueuePool' object has no attribute 'invalidated'
2025-08-04 00:36:47,929 - app.db.session - INFO - Database manager initialized successfully
2025-08-04 00:36:47,929 - app.main - INFO - Database manager initialized successfully
2025-08-04 00:37:08,002 - app.main - INFO - Shutting down application...
2025-08-04 00:37:08,003 - app.main - INFO - Closing database connections...
2025-08-04 00:37:08,004 - app.db.session - INFO - Closing database connections...
2025-08-04 00:37:08,010 - app.db.session - INFO - Database connections closed
2025-08-04 00:37:08,010 - app.main - INFO - Database connections closed successfully
2025-08-04 00:37:16,346 - app.main - INFO - Starting application...
2025-08-04 00:37:16,347 - app.main - INFO - Initializing database manager...
2025-08-04 00:37:16,349 - app.db.session - INFO - Database URL prepared: postgresql://db:5432/traveldb
2025-08-04 00:37:16,351 - app.db.session - INFO - Database engine created with pool_size=10
2025-08-04 00:37:16,418 - app.db.session - ERROR - Database health check failed: 'AsyncAdaptedQueuePool' object has no attribute 'invalidated'
2025-08-04 00:37:16,419 - app.db.session - INFO - Database manager initialized successfully
2025-08-04 00:37:16,419 - app.main - INFO - Database manager initialized successfully
2025-08-04 00:40:47,283 - app.main - ERROR - Database health check failed: (psycopg2.OperationalError) server closed the connection unexpectedly
	This probably means the server terminated abnormally
	before or while processing the request.

[SQL: SELECT 1]
(Background on this error at: https://sqlalche.me/e/20/e3q8)
2025-08-04 00:41:21,409 - app.main - INFO - Shutting down application...
2025-08-04 00:41:21,410 - app.main - INFO - Closing database connections...
2025-08-04 00:41:21,411 - app.db.session - INFO - Closing database connections...
2025-08-04 00:41:21,414 - app.db.session - INFO - Database connections closed
2025-08-04 00:41:21,416 - app.main - INFO - Database connections closed successfully
2025-08-04 00:41:30,767 - app.main - INFO - Starting application...
2025-08-04 00:41:30,768 - app.main - INFO - Initializing database manager...
2025-08-04 00:41:30,769 - app.db.session - INFO - Database URL prepared: postgresql://db:5432/traveldb
2025-08-04 00:41:30,771 - app.db.session - INFO - Database engine created with pool_size=10
2025-08-04 00:41:30,836 - app.db.session - ERROR - Database health check failed: 'AsyncAdaptedQueuePool' object has no attribute 'invalidated'
2025-08-04 00:41:30,838 - app.db.session - INFO - Database manager initialized successfully
2025-08-04 00:41:30,839 - app.main - INFO - Database manager initialized successfully
2025-08-04 00:44:00,152 - app.main - INFO - Shutting down application...
2025-08-04 00:44:00,152 - app.main - INFO - Closing database connections...
2025-08-04 00:44:00,153 - app.db.session - INFO - Closing database connections...
2025-08-04 00:44:00,159 - app.db.session - INFO - Database connections closed
2025-08-04 00:44:00,160 - app.main - INFO - Database connections closed successfully
2025-08-04 00:44:10,526 - app.main - INFO - Starting application...
2025-08-04 00:44:10,528 - app.main - INFO - Initializing database manager...
2025-08-04 00:44:10,529 - app.db.session - INFO - Database URL prepared: postgresql://db:5432/traveldb
2025-08-04 00:44:10,532 - app.db.session - INFO - Database engine created with pool_size=10
2025-08-04 00:44:10,615 - app.db.session - ERROR - Database health check failed: 'AsyncAdaptedQueuePool' object has no attribute 'invalidated'
2025-08-04 00:44:10,615 - app.db.session - INFO - Database manager initialized successfully
2025-08-04 00:44:10,616 - app.main - INFO - Database manager initialized successfully
2025-08-04 00:44:29,178 - app.main - INFO - Shutting down application...
2025-08-04 00:44:29,179 - app.main - INFO - Closing database connections...
2025-08-04 00:44:29,180 - app.db.session - INFO - Closing database connections...
2025-08-04 00:44:29,186 - app.db.session - INFO - Database connections closed
2025-08-04 00:44:29,187 - app.main - INFO - Database connections closed successfully
2025-08-04 00:44:38,030 - app.main - INFO - Starting application...
2025-08-04 00:44:38,030 - app.main - INFO - Initializing database manager...
2025-08-04 00:44:38,032 - app.db.session - INFO - Database URL prepared: postgresql://db:5432/traveldb
2025-08-04 00:44:38,034 - app.db.session - INFO - Database engine created with pool_size=10
2025-08-04 00:44:38,109 - app.db.session - ERROR - Database health check failed: 'AsyncAdaptedQueuePool' object has no attribute 'invalidated'
2025-08-04 00:44:38,110 - app.db.session - INFO - Database manager initialized successfully
2025-08-04 00:44:38,111 - app.main - INFO - Database manager initialized successfully
2025-08-04 00:44:59,323 - app.main - INFO - Shutting down application...
2025-08-04 00:44:59,324 - app.main - INFO - Closing database connections...
2025-08-04 00:44:59,325 - app.db.session - INFO - Closing database connections...
2025-08-04 00:44:59,330 - app.db.session - INFO - Database connections closed
2025-08-04 00:44:59,332 - app.main - INFO - Database connections closed successfully
2025-08-04 00:45:08,522 - app.main - INFO - Starting application...
2025-08-04 00:45:08,523 - app.main - INFO - Initializing database manager...
2025-08-04 00:45:08,524 - app.db.session - INFO - Database URL prepared: postgresql://db:5432/traveldb
2025-08-04 00:45:08,528 - app.db.session - INFO - Database engine created with pool_size=10
2025-08-04 00:45:08,601 - app.db.session - ERROR - Database health check failed: 'AsyncAdaptedQueuePool' object has no attribute 'invalidated'
2025-08-04 00:45:08,601 - app.db.session - INFO - Database manager initialized successfully
2025-08-04 00:45:08,602 - app.main - INFO - Database manager initialized successfully
2025-08-04 00:45:59,359 - app.main - INFO - Shutting down application...
2025-08-04 00:45:59,360 - app.main - INFO - Closing database connections...
2025-08-04 00:45:59,360 - app.db.session - INFO - Closing database connections...
2025-08-04 00:45:59,375 - app.db.session - INFO - Database connections closed
2025-08-04 00:45:59,376 - app.main - INFO - Database connections closed successfully
2025-08-04 00:46:08,046 - app.main - INFO - Starting application...
2025-08-04 00:46:08,047 - app.main - INFO - Initializing database manager...
2025-08-04 00:46:08,048 - app.db.session - INFO - Database URL prepared: postgresql://db:5432/traveldb
2025-08-04 00:46:08,052 - app.db.session - INFO - Database engine created with pool_size=10
2025-08-04 00:46:08,125 - app.db.session - ERROR - Database health check failed: 'AsyncAdaptedQueuePool' object has no attribute 'invalidated'
2025-08-04 00:46:08,125 - app.db.session - INFO - Database manager initialized successfully
2025-08-04 00:46:08,126 - app.main - INFO - Database manager initialized successfully
2025-08-04 00:46:30,588 - app.main - INFO - Shutting down application...
2025-08-04 00:46:30,588 - app.main - INFO - Closing database connections...
2025-08-04 00:46:30,589 - app.db.session - INFO - Closing database connections...
2025-08-04 00:46:30,594 - app.db.session - INFO - Database connections closed
2025-08-04 00:46:30,595 - app.main - INFO - Database connections closed successfully
2025-08-04 00:46:38,943 - app.main - INFO - Starting application...
2025-08-04 00:46:38,943 - app.main - INFO - Initializing database manager...
2025-08-04 00:46:38,944 - app.db.session - INFO - Database URL prepared: postgresql://db:5432/traveldb
2025-08-04 00:46:38,947 - app.db.session - INFO - Database engine created with pool_size=10
2025-08-04 00:46:39,021 - app.db.session - ERROR - Database health check failed: 'AsyncAdaptedQueuePool' object has no attribute 'invalidated'
2025-08-04 00:46:39,023 - app.db.session - INFO - Database manager initialized successfully
2025-08-04 00:46:39,026 - app.main - INFO - Database manager initialized successfully
2025-08-04 00:47:00,810 - app.main - INFO - Shutting down application...
2025-08-04 00:47:00,811 - app.main - INFO - Closing database connections...
2025-08-04 00:47:00,811 - app.db.session - INFO - Closing database connections...
2025-08-04 00:47:00,817 - app.db.session - INFO - Database connections closed
2025-08-04 00:47:00,818 - app.main - INFO - Database connections closed successfully
2025-08-04 00:47:09,330 - app.main - INFO - Starting application...
2025-08-04 00:47:09,333 - app.main - INFO - Initializing database manager...
2025-08-04 00:47:09,334 - app.db.session - INFO - Database URL prepared: postgresql://db:5432/traveldb
2025-08-04 00:47:09,339 - app.db.session - INFO - Database engine created with pool_size=10
2025-08-04 00:47:09,407 - app.db.session - ERROR - Database health check failed: 'AsyncAdaptedQueuePool' object has no attribute 'invalidated'
2025-08-04 00:47:09,409 - app.db.session - INFO - Database manager initialized successfully
2025-08-04 00:47:09,409 - app.main - INFO - Database manager initialized successfully
2025-08-04 00:48:41,578 - app.main - INFO - Shutting down application...
2025-08-04 00:48:41,579 - app.main - INFO - Closing database connections...
2025-08-04 00:48:41,580 - app.db.session - INFO - Closing database connections...
2025-08-04 00:48:41,585 - app.db.session - INFO - Database connections closed
2025-08-04 00:48:41,586 - app.main - INFO - Database connections closed successfully
2025-08-04 00:48:50,238 - app.main - INFO - Starting application...
2025-08-04 00:48:50,239 - app.main - INFO - Initializing database manager...
2025-08-04 00:48:50,240 - app.db.session - INFO - Database URL prepared: postgresql://db:5432/traveldb
2025-08-04 00:48:50,243 - app.db.session - INFO - Database engine created with pool_size=10
2025-08-04 00:48:50,317 - app.db.session - ERROR - Database health check failed: 'AsyncAdaptedQueuePool' object has no attribute 'invalidated'
2025-08-04 00:48:50,318 - app.db.session - INFO - Database manager initialized successfully
2025-08-04 00:48:50,318 - app.main - INFO - Database manager initialized successfully
2025-08-04 00:50:46,137 - app.main - INFO - Shutting down application...
2025-08-04 00:50:46,138 - app.main - INFO - Closing database connections...
2025-08-04 00:50:46,139 - app.db.session - INFO - Closing database connections...
2025-08-04 00:50:46,143 - app.db.session - INFO - Database connections closed
2025-08-04 00:50:46,144 - app.main - INFO - Database connections closed successfully
2025-08-04 00:50:54,620 - app.main - INFO - Starting application...
2025-08-04 00:50:54,621 - app.main - INFO - Initializing database manager...
2025-08-04 00:50:54,622 - app.db.session - INFO - Database URL prepared: postgresql://db:5432/traveldb
2025-08-04 00:50:54,626 - app.db.session - INFO - Database engine created with pool_size=10
2025-08-04 00:50:54,709 - app.db.session - ERROR - Database health check failed: 'AsyncAdaptedQueuePool' object has no attribute 'invalidated'
2025-08-04 00:50:54,710 - app.db.session - INFO - Database manager initialized successfully
2025-08-04 00:50:54,711 - app.main - INFO - Database manager initialized successfully
2025-08-04 00:53:07,880 - app.main - INFO - Starting application...
2025-08-04 00:53:07,880 - app.main - INFO - Initializing database manager...
2025-08-04 00:53:07,881 - app.db.session - INFO - Database URL prepared: postgresql://db:5432/traveldb
2025-08-04 00:53:07,883 - app.db.session - INFO - Database engine created with pool_size=10
2025-08-04 00:53:07,951 - app.db.session - ERROR - Database health check failed: 'AsyncAdaptedQueuePool' object has no attribute 'invalidated'
2025-08-04 00:53:07,951 - app.db.session - INFO - Database manager initialized successfully
2025-08-04 00:53:07,952 - app.main - INFO - Database manager initialized successfully
2025-08-04 00:53:58,071 - app.main - INFO - Starting application...
2025-08-04 00:53:58,072 - app.main - INFO - Initializing database manager...
2025-08-04 00:53:58,073 - app.db.session - INFO - Database URL prepared: postgresql://db:5432/traveldb
2025-08-04 00:53:58,076 - app.db.session - INFO - Database engine created with pool_size=10
2025-08-04 00:53:58,152 - app.db.session - ERROR - Database health check failed: 'AsyncAdaptedQueuePool' object has no attribute 'invalidated'
2025-08-04 00:53:58,152 - app.db.session - INFO - Database manager initialized successfully
2025-08-04 00:53:58,153 - app.main - INFO - Database manager initialized successfully
2025-08-04 00:55:57,336 - app.main - INFO - Shutting down application...
2025-08-04 00:55:57,337 - app.main - INFO - Closing database connections...
2025-08-04 00:55:57,338 - app.db.session - INFO - Closing database connections...
2025-08-04 00:55:57,344 - app.db.session - INFO - Database connections closed
2025-08-04 00:55:57,345 - app.main - INFO - Database connections closed successfully
2025-08-04 00:56:07,442 - app.main - INFO - Starting application...
2025-08-04 00:56:07,443 - app.main - INFO - Initializing database manager...
2025-08-04 00:56:07,444 - app.db.session - INFO - Database URL prepared: postgresql://db:5432/traveldb
2025-08-04 00:56:07,446 - app.db.session - INFO - Database engine created with pool_size=10
2025-08-04 00:56:07,525 - app.db.session - ERROR - Database health check failed: 'AsyncAdaptedQueuePool' object has no attribute 'invalidated'
2025-08-04 00:56:07,525 - app.db.session - INFO - Database manager initialized successfully
2025-08-04 00:56:07,526 - app.main - INFO - Database manager initialized successfully
2025-08-04 01:03:43,974 - passlib.handlers.bcrypt - WARNING - (trapped) error reading bcrypt version
Traceback (most recent call last):
  File "/usr/local/lib/python3.13/site-packages/passlib/handlers/bcrypt.py", line 620, in _load_backend_mixin
    version = _bcrypt.__about__.__version__
              ^^^^^^^^^^^^^^^^^
AttributeError: module 'bcrypt' has no attribute '__about__'
2025-08-04 01:03:44,321 - app.core.security - INFO - User authenticated successfully: testuser123
2025-08-04 01:03:44,322 - app.core.security - INFO - user_authentication completed in 0.42s
2025-08-04 01:03:44,323 - app.api.auth - INFO - Successful login for user: testuser123
2025-08-04 01:03:44,346 - app.core.security - INFO - Access token created successfully
2025-08-04 01:03:44,347 - app.core.security - INFO - Refresh token created successfully
2025-08-04 01:03:44,348 - app.api.auth - INFO - User testuser123 logged in successfully
2025-08-04 01:03:44,349 - app.api.auth - INFO - user_login completed in 0.45s
2025-08-04 01:06:52,335 - app.core.security - INFO - Current user resolved: testuser123
2025-08-04 01:06:54,250 - app.core.nlp.parser - WARNING - Error parsing date in pattern: Input type must be str
2025-08-04 01:06:54,291 - app.core.nlp.parser - INFO - Parsed travel request with 95.0% confidence
2025-08-04 01:06:54,293 - app.api.itinerary - INFO - Travel request parsed successfully
2025-08-04 01:06:54,303 - app.api.itinerary - ERROR - Failed to get location coordinates: 'NoneType' object has no attribute 'latitude'
2025-08-04 01:06:54,303 - app.api.itinerary - INFO - itinerary_generation completed in 1.97s
2025-08-04 01:06:54,304 - app.db.session - ERROR - Unexpected session error: 500: Failed to retrieve location coordinates
